08:27:06.785 [main] INFO  com.example.demo.DemoApplication - Starting DemoApplication using Java 21.0.2 with PID 77385 (/Users/mavilebekirova/Documents/3-4 курс/РСП/lab6/target/classes started by mavilebekirova in /Users/mavilebekirova/Documents/3-4 курс/РСП/lab6)
08:27:06.785 [main] DEBUG com.example.demo.DemoApplication - Running with Spring Boot v3.3.5, Spring v6.1.14
08:27:06.786 [main] INFO  com.example.demo.DemoApplication - No active profile set, falling back to 1 default profile: "default"
08:27:07.176 [main] INFO  o.s.b.w.e.tomcat.TomcatWebServer - Tomcat initialized with port 8080 (http)
08:27:07.182 [main] INFO  o.a.coyote.http11.Http11NioProtocol - Initializing ProtocolHandler ["http-nio-8080"]
08:27:07.186 [main] INFO  o.a.catalina.core.StandardService - Starting service [Tomcat]
08:27:07.186 [main] INFO  o.a.catalina.core.StandardEngine - Starting Servlet engine: [Apache Tomcat/10.1.31]
08:27:07.211 [main] INFO  o.a.c.c.C.[Tomcat].[localhost].[/] - Initializing Spring embedded WebApplicationContext
08:27:07.212 [main] INFO  o.s.b.w.s.c.ServletWebServerApplicationContext - Root WebApplicationContext: initialization completed in 396 ms
08:27:07.362 [main] INFO  o.a.coyote.http11.Http11NioProtocol - Starting ProtocolHandler ["http-nio-8080"]
08:27:07.373 [main] INFO  o.s.b.w.e.tomcat.TomcatWebServer - Tomcat started on port 8080 (http) with context path '/'
08:27:07.378 [main] INFO  com.example.demo.DemoApplication - Started DemoApplication in 0.772 seconds (process running for 1.188)
08:27:15.904 [http-nio-8080-exec-1] INFO  o.a.c.c.C.[Tomcat].[localhost].[/] - Initializing Spring DispatcherServlet 'dispatcherServlet'
08:27:15.904 [http-nio-8080-exec-1] INFO  o.s.web.servlet.DispatcherServlet - Initializing Servlet 'dispatcherServlet'
08:27:15.906 [http-nio-8080-exec-1] INFO  o.s.web.servlet.DispatcherServlet - Completed initialization in 2 ms
08:27:15.933 [http-nio-8080-exec-1] INFO  com.example.demo.Employee - Регистрация информации о сотрудниках включена
08:27:15.933 [http-nio-8080-exec-1] DEBUG com.example.demo.Employee - Ведение журнала отладки сотрудников включено
08:27:25.082 [http-nio-8080-exec-4] INFO  com.example.demo.Employee - Регистрация информации о сотрудниках включена
08:27:25.083 [http-nio-8080-exec-4] DEBUG com.example.demo.Employee - Ведение журнала отладки сотрудников включено
08:27:25.239 [http-nio-8080-exec-5] INFO  com.example.demo.Employee - Регистрация информации о сотрудниках включена
08:27:25.239 [http-nio-8080-exec-5] DEBUG com.example.demo.Employee - Ведение журнала отладки сотрудников включено
08:27:25.358 [http-nio-8080-exec-6] INFO  com.example.demo.Employee - Регистрация информации о сотрудниках включена
08:27:25.358 [http-nio-8080-exec-6] DEBUG com.example.demo.Employee - Ведение журнала отладки сотрудников включено
08:27:25.622 [http-nio-8080-exec-7] INFO  com.example.demo.Employee - Регистрация информации о сотрудниках включена
08:27:25.623 [http-nio-8080-exec-7] DEBUG com.example.demo.Employee - Ведение журнала отладки сотрудников включено
08:27:25.730 [http-nio-8080-exec-8] INFO  com.example.demo.Employee - Регистрация информации о сотрудниках включена
08:27:25.731 [http-nio-8080-exec-8] DEBUG com.example.demo.Employee - Ведение журнала отладки сотрудников включено
08:27:25.877 [http-nio-8080-exec-9] INFO  com.example.demo.Employee - Регистрация информации о сотрудниках включена
08:27:25.896 [http-nio-8080-exec-9] DEBUG com.example.demo.Employee - Ведение журнала отладки сотрудников включено
08:27:26.021 [http-nio-8080-exec-10] INFO  com.example.demo.Employee - Регистрация информации о сотрудниках включена
08:27:26.021 [http-nio-8080-exec-10] DEBUG com.example.demo.Employee - Ведение журнала отладки сотрудников включено
08:27:26.168 [http-nio-8080-exec-1] INFO  com.example.demo.Employee - Регистрация информации о сотрудниках включена
08:27:26.168 [http-nio-8080-exec-1] DEBUG com.example.demo.Employee - Ведение журнала отладки сотрудников включено
08:27:26.321 [http-nio-8080-exec-3] INFO  com.example.demo.Employee - Регистрация информации о сотрудниках включена
08:27:26.321 [http-nio-8080-exec-3] DEBUG com.example.demo.Employee - Ведение журнала отладки сотрудников включено
08:27:26.456 [http-nio-8080-exec-2] INFO  com.example.demo.Employee - Регистрация информации о сотрудниках включена
08:27:26.457 [http-nio-8080-exec-2] DEBUG com.example.demo.Employee - Ведение журнала отладки сотрудников включено
08:27:26.596 [http-nio-8080-exec-4] INFO  com.example.demo.Employee - Регистрация информации о сотрудниках включена
08:27:26.597 [http-nio-8080-exec-4] DEBUG com.example.demo.Employee - Ведение журнала отладки сотрудников включено
08:27:26.732 [http-nio-8080-exec-5] INFO  com.example.demo.Employee - Регистрация информации о сотрудниках включена
08:27:26.732 [http-nio-8080-exec-5] DEBUG com.example.demo.Employee - Ведение журнала отладки сотрудников включено
08:27:26.870 [http-nio-8080-exec-6] INFO  com.example.demo.Employee - Регистрация информации о сотрудниках включена
08:27:26.870 [http-nio-8080-exec-6] DEBUG com.example.demo.Employee - Ведение журнала отладки сотрудников включено
08:27:31.205 [http-nio-8080-exec-9] INFO  com.example.demo.Employee - Регистрация информации о сотрудниках включена
08:27:31.206 [http-nio-8080-exec-9] DEBUG com.example.demo.Employee - Ведение журнала отладки сотрудников включено
08:27:31.348 [http-nio-8080-exec-10] INFO  com.example.demo.Employee - Регистрация информации о сотрудниках включена
08:27:31.348 [http-nio-8080-exec-10] DEBUG com.example.demo.Employee - Ведение журнала отладки сотрудников включено
08:27:31.492 [http-nio-8080-exec-1] INFO  com.example.demo.Employee - Регистрация информации о сотрудниках включена
08:27:31.492 [http-nio-8080-exec-1] DEBUG com.example.demo.Employee - Ведение журнала отладки сотрудников включено
08:27:31.623 [http-nio-8080-exec-3] INFO  com.example.demo.Employee - Регистрация информации о сотрудниках включена
08:27:31.623 [http-nio-8080-exec-3] DEBUG com.example.demo.Employee - Ведение журнала отладки сотрудников включено
08:27:31.772 [http-nio-8080-exec-2] INFO  com.example.demo.Employee - Регистрация информации о сотрудниках включена
08:27:31.772 [http-nio-8080-exec-2] DEBUG com.example.demo.Employee - Ведение журнала отладки сотрудников включено
08:27:31.898 [http-nio-8080-exec-4] INFO  com.example.demo.Employee - Регистрация информации о сотрудниках включена
08:27:31.898 [http-nio-8080-exec-4] DEBUG com.example.demo.Employee - Ведение журнала отладки сотрудников включено
08:27:32.026 [http-nio-8080-exec-5] INFO  com.example.demo.Employee - Регистрация информации о сотрудниках включена
08:27:32.026 [http-nio-8080-exec-5] DEBUG com.example.demo.Employee - Ведение журнала отладки сотрудников включено
08:27:32.287 [http-nio-8080-exec-6] INFO  com.example.demo.Employee - Регистрация информации о сотрудниках включена
08:27:32.287 [http-nio-8080-exec-6] DEBUG com.example.demo.Employee - Ведение журнала отладки сотрудников включено
08:27:32.440 [http-nio-8080-exec-8] INFO  com.example.demo.Employee - Регистрация информации о сотрудниках включена
08:27:32.440 [http-nio-8080-exec-8] DEBUG com.example.demo.Employee - Ведение журнала отладки сотрудников включено
08:27:32.551 [http-nio-8080-exec-7] INFO  com.example.demo.Employee - Регистрация информации о сотрудниках включена
08:27:32.551 [http-nio-8080-exec-7] DEBUG com.example.demo.Employee - Ведение журнала отладки сотрудников включено
